<component name="libraryTable">
  <library name="junit-jupiter-api-5.8.2">
    <CLASSES>
      <root url="jar://C:/Program Files/Java/junit-jupiter-api-5.8.2.jar!/" />
    </CLASSES>
    <JAVADOC />
    <SOURCES />
  </library>
</component>